Performing C SOURCE FILE Test CMAKE_HAVE_LIBC_PTHREAD failed with the following output:
Change Dir: /home/park/rc_car/build/CMakeFiles/CMakeTmp

Run Build Command(s):/usr/bin/make cmTC_fce7d/fast && /usr/bin/make  -f CMakeFiles/cmTC_fce7d.dir/build.make CMakeFiles/cmTC_fce7d.dir/build
make[1]: Entering directory '/home/park/rc_car/build/CMakeFiles/CMakeTmp'
Building C object CMakeFiles/cmTC_fce7d.dir/src.c.o
/usr/bin/cc -DCMAKE_HAVE_LIBC_PTHREAD   -o CMakeFiles/cmTC_fce7d.dir/src.c.o -c /home/park/rc_car/build/CMakeFiles/CMakeTmp/src.c
Linking C executable cmTC_fce7d
/usr/local/bin/cmake -E cmake_link_script CMakeFiles/cmTC_fce7d.dir/link.txt --verbose=1
/usr/bin/cc -rdynamic CMakeFiles/cmTC_fce7d.dir/src.c.o -o cmTC_fce7d 
CMakeFiles/cmTC_fce7d.dir/src.c.o: In function `main':
src.c:(.text+0x3e): undefined reference to `pthread_create'
src.c:(.text+0x4a): undefined reference to `pthread_detach'
src.c:(.text+0x56): undefined reference to `pthread_cancel'
src.c:(.text+0x67): undefined reference to `pthread_join'
src.c:(.text+0x7b): undefined reference to `pthread_atfork'
collect2: error: ld returned 1 exit status
CMakeFiles/cmTC_fce7d.dir/build.make:105: recipe for target 'cmTC_fce7d' failed
make[1]: *** [cmTC_fce7d] Error 1
make[1]: Leaving directory '/home/park/rc_car/build/CMakeFiles/CMakeTmp'
Makefile:140: recipe for target 'cmTC_fce7d/fast' failed
make: *** [cmTC_fce7d/fast] Error 2


Source file was:
#include <pthread.h>

static void* test_func(void* data)
{
  return data;
}

int main(void)
{
  pthread_t thread;
  pthread_create(&thread, NULL, test_func, NULL);
  pthread_detach(thread);
  pthread_cancel(thread);
  pthread_join(thread, NULL);
  pthread_atfork(NULL, NULL, NULL);
  pthread_exit(NULL);

  return 0;
}

Determining if the function pthread_create exists in the pthreads failed with the following output:
Change Dir: /home/park/rc_car/build/CMakeFiles/CMakeTmp

Run Build Command(s):/usr/bin/make cmTC_61b67/fast && /usr/bin/make  -f CMakeFiles/cmTC_61b67.dir/build.make CMakeFiles/cmTC_61b67.dir/build
make[1]: Entering directory '/home/park/rc_car/build/CMakeFiles/CMakeTmp'
Building C object CMakeFiles/cmTC_61b67.dir/CheckFunctionExists.c.o
/usr/bin/cc   -DCHECK_FUNCTION_EXISTS=pthread_create -o CMakeFiles/cmTC_61b67.dir/CheckFunctionExists.c.o -c /usr/local/share/cmake-3.19/Modules/CheckFunctionExists.c
Linking C executable cmTC_61b67
/usr/local/bin/cmake -E cmake_link_script CMakeFiles/cmTC_61b67.dir/link.txt --verbose=1
/usr/bin/cc  -DCHECK_FUNCTION_EXISTS=pthread_create -rdynamic CMakeFiles/cmTC_61b67.dir/CheckFunctionExists.c.o -o cmTC_61b67  -lpthreads 
/usr/bin/ld: cannot find -lpthreads
collect2: error: ld returned 1 exit status
CMakeFiles/cmTC_61b67.dir/build.make:105: recipe for target 'cmTC_61b67' failed
make[1]: *** [cmTC_61b67] Error 1
make[1]: Leaving directory '/home/park/rc_car/build/CMakeFiles/CMakeTmp'
Makefile:140: recipe for target 'cmTC_61b67/fast' failed
make: *** [cmTC_61b67/fast] Error 2



